<?xml version="1.0" encoding="UTF-8"?>
<!-- Generated by org.testng.reporters.JUnitXMLReporter -->
<testsuite ignored="2" hostname="LAPTOP-HUJ2R09J" failures="0" tests="0" time="0.013" errors="0" timestamp="2024-03-29T17:21:57 IST">
  <testcase classname="Quinnox.Tests.ErrorMessageValidationTest" name="loginErroMessageValidations" time="0.0">
    <ignored/>
  </testcase> <!-- loginErroMessageValidations -->
  <testcase classname="Quinnox.Tests.ErrorMessageValidationTest" name="productErrorValidation" time="0.0">
    <ignored/>
  </testcase> <!-- productErrorValidation -->
</testsuite>
