<?xml version="1.0" encoding="UTF-8"?>
<!-- Generated by org.testng.reporters.JUnitXMLReporter -->
<testsuite ignored="1" hostname="LAPTOP-HUJ2R09J" failures="0" tests="2" name="Submit order test" time="24.468" errors="0" timestamp="2024-03-29T17:22:21 IST">
  <testcase classname="Quinnox.Tests.SubmitOrderTest" name="submitOrder" time="14.725"/>
  <testcase classname="Quinnox.Tests.SubmitOrderTest" name="submitOrder" time="3.371"/>
  <testcase classname="Quinnox.Tests.SubmitOrderTest" name="orderHistory" time="0.0">
    <ignored/>
  </testcase> <!-- orderHistory -->
</testsuite> <!-- Submit order test -->
