<?xml version="1.0" encoding="UTF-8"?>
<testng-results ignored="0" total="1" passed="1" failed="0" skipped="0">
  <reporter-output>
  </reporter-output>
  <suite started-at="2024-05-05T14:43:10 IST" name="Default suite" finished-at="2024-05-05T14:43:15 IST" duration-ms="5120">
    <groups>
    </groups>
    <test started-at="2024-05-05T14:43:10 IST" name="Default test" finished-at="2024-05-05T14:43:15 IST" duration-ms="5120">
      <class name="Quinnox.Tests.UploadDownloadFile">
        <test-method signature="upLoad()[pri:0, instance:Quinnox.Tests.UploadDownloadFile@3d51f06e]" started-at="2024-05-05T14:43:10 IST" name="upLoad" finished-at="2024-05-05T14:43:15 IST" duration-ms="5084" status="PASS">
          <reporter-output>
          </reporter-output>
        </test-method> <!-- upLoad -->
      </class> <!-- Quinnox.Tests.UploadDownloadFile -->
    </test> <!-- Default test -->
  </suite> <!-- Default suite -->
</testng-results>
